Performing C SOURCE FILE Test CMAKE_HAVE_LIBC_PTHREAD failed with the following output:
Change Dir: /home/yang/Desktop/CG_final_project/CMakeFiles/CMakeTmp

Run Build Command(s):/usr/bin/make -f Makefile cmTC_4bffd/fast && /usr/bin/make  -f CMakeFiles/cmTC_4bffd.dir/build.make CMakeFiles/cmTC_4bffd.dir/build
make[1]: Entering directory '/home/yang/Desktop/CG_final_project/CMakeFiles/CMakeTmp'
Building C object CMakeFiles/cmTC_4bffd.dir/src.c.o
/usr/bin/cc -DCMAKE_HAVE_LIBC_PTHREAD  -fPIC -mavx2 -o CMakeFiles/cmTC_4bffd.dir/src.c.o -c /home/yang/Desktop/CG_final_project/CMakeFiles/CMakeTmp/src.c
Linking C executable cmTC_4bffd
/usr/local/bin/cmake -E cmake_link_script CMakeFiles/cmTC_4bffd.dir/link.txt --verbose=1
/usr/bin/cc  -fPIC -mavx2 -rdynamic CMakeFiles/cmTC_4bffd.dir/src.c.o -o cmTC_4bffd 
CMakeFiles/cmTC_4bffd.dir/src.c.o: In function `main':
src.c:(.text+0x3e): undefined reference to `pthread_create'
src.c:(.text+0x4a): undefined reference to `pthread_detach'
src.c:(.text+0x56): undefined reference to `pthread_cancel'
src.c:(.text+0x67): undefined reference to `pthread_join'
src.c:(.text+0x7b): undefined reference to `pthread_atfork'
collect2: error: ld returned 1 exit status
CMakeFiles/cmTC_4bffd.dir/build.make:98: recipe for target 'cmTC_4bffd' failed
make[1]: *** [cmTC_4bffd] Error 1
make[1]: Leaving directory '/home/yang/Desktop/CG_final_project/CMakeFiles/CMakeTmp'
Makefile:127: recipe for target 'cmTC_4bffd/fast' failed
make: *** [cmTC_4bffd/fast] Error 2


Source file was:
#include <pthread.h>

static void* test_func(void* data)
{
  return data;
}

int main(void)
{
  pthread_t thread;
  pthread_create(&thread, NULL, test_func, NULL);
  pthread_detach(thread);
  pthread_cancel(thread);
  pthread_join(thread, NULL);
  pthread_atfork(NULL, NULL, NULL);
  pthread_exit(NULL);

  return 0;
}

Determining if the function pthread_create exists in the pthreads failed with the following output:
Change Dir: /home/yang/Desktop/CG_final_project/CMakeFiles/CMakeTmp

Run Build Command(s):/usr/bin/make -f Makefile cmTC_db0c0/fast && /usr/bin/make  -f CMakeFiles/cmTC_db0c0.dir/build.make CMakeFiles/cmTC_db0c0.dir/build
make[1]: Entering directory '/home/yang/Desktop/CG_final_project/CMakeFiles/CMakeTmp'
Building C object CMakeFiles/cmTC_db0c0.dir/CheckFunctionExists.c.o
/usr/bin/cc   -fPIC -DCHECK_FUNCTION_EXISTS=pthread_create -mavx2 -o CMakeFiles/cmTC_db0c0.dir/CheckFunctionExists.c.o -c /usr/local/share/cmake-3.22/Modules/CheckFunctionExists.c
Linking C executable cmTC_db0c0
/usr/local/bin/cmake -E cmake_link_script CMakeFiles/cmTC_db0c0.dir/link.txt --verbose=1
/usr/bin/cc  -fPIC -DCHECK_FUNCTION_EXISTS=pthread_create -mavx2 -rdynamic CMakeFiles/cmTC_db0c0.dir/CheckFunctionExists.c.o -o cmTC_db0c0  -lpthreads 
/usr/bin/ld: cannot find -lpthreads
collect2: error: ld returned 1 exit status
CMakeFiles/cmTC_db0c0.dir/build.make:98: recipe for target 'cmTC_db0c0' failed
make[1]: *** [cmTC_db0c0] Error 1
make[1]: Leaving directory '/home/yang/Desktop/CG_final_project/CMakeFiles/CMakeTmp'
Makefile:127: recipe for target 'cmTC_db0c0/fast' failed
make: *** [cmTC_db0c0/fast] Error 2



